TN:
SF:/Users/stephenjames/git/tdc/that-build-library/src/utils/clean.ts
FN:7,clean
FN:12,(anonymous_8)
FNF:2
FNH:0
FNDA:0,clean
FNDA:0,(anonymous_8)
DA:1,1
DA:2,1
DA:7,1
DA:8,0
DA:9,0
DA:11,0
DA:12,0
DA:13,0
DA:15,0
LF:9
LH:3
BRDA:7,0,0,0
BRDA:8,1,0,0
BRDA:8,1,1,0
BRF:3
BRH:0
end_of_record
TN:
SF:/Users/stephenjames/git/tdc/that-build-library/src/utils/copy.ts
FN:7,copy
FNF:1
FNH:0
FNDA:0,copy
DA:1,1
DA:2,1
DA:7,1
DA:8,0
DA:9,0
DA:10,0
DA:12,0
LF:7
LH:3
BRDA:7,0,0,0
BRDA:9,1,0,0
BRDA:9,1,1,0
BRDA:15,2,0,0
BRDA:15,2,1,0
BRF:5
BRH:0
end_of_record
TN:
SF:/Users/stephenjames/git/tdc/that-build-library/src/utils/echo.ts
FN:4,echo
FNF:1
FNH:0
FNDA:0,echo
DA:4,1
DA:5,0
DA:6,0
DA:7,0
DA:8,0
LF:5
LH:1
BRF:0
BRH:0
end_of_record
TN:
SF:/Users/stephenjames/git/tdc/that-build-library/src/utils/exec.ts
FN:6,exec
FN:8,(anonymous_8)
FN:10,(anonymous_9)
FN:14,(anonymous_10)
FN:17,(anonymous_11)
FNF:5
FNH:0
FNDA:0,exec
FNDA:0,(anonymous_8)
FNDA:0,(anonymous_9)
FNDA:0,(anonymous_10)
FNDA:0,(anonymous_11)
DA:1,1
DA:6,1
DA:7,0
DA:8,0
DA:9,0
DA:10,0
DA:11,0
DA:12,0
DA:14,0
DA:15,0
DA:17,0
DA:18,0
DA:19,0
DA:21,0
DA:22,0
LF:15
LH:2
BRDA:6,0,0,0
BRDA:18,1,0,0
BRDA:18,1,1,0
BRF:3
BRH:0
end_of_record
TN:
SF:/Users/stephenjames/git/tdc/that-build-library/src/utils/npmPublish.ts
FN:9,npmPublish
FN:11,(anonymous_7)
FN:14,(anonymous_9)
FNF:3
FNH:0
FNDA:0,npmPublish
FNDA:0,(anonymous_7)
FNDA:0,(anonymous_9)
DA:1,1
DA:2,1
DA:3,1
DA:4,1
DA:9,1
DA:14,0
DA:16,0
DA:17,0
DA:20,0
DA:24,0
DA:27,0
DA:29,0
LF:12
LH:5
BRDA:11,0,0,0
BRF:1
BRH:0
end_of_record
TN:
SF:/Users/stephenjames/git/tdc/that-build-library/src/utils/prettier.ts
FN:7,(anonymous_6)
FN:13,(anonymous_7)
FN:28,prettierTS
FN:51,prettierJS
FNF:4
FNH:0
FNDA:0,(anonymous_6)
FNDA:0,(anonymous_7)
FNDA:0,prettierTS
FNDA:0,prettierJS
DA:1,1
DA:2,1
DA:7,1
DA:12,0
DA:13,0
DA:14,0
DA:15,0
DA:16,0
DA:22,0
DA:28,1
DA:32,0
DA:51,1
DA:55,0
LF:13
LH:5
BRDA:14,0,0,0
BRDA:14,0,1,0
BRDA:15,1,0,0
BRDA:15,1,1,0
BRDA:29,2,0,0
BRDA:30,3,0,0
BRDA:52,4,0,0
BRDA:53,5,0,0
BRF:8
BRH:0
end_of_record
TN:
SF:/Users/stephenjames/git/tdc/that-build-library/src/utils/private.ts
FN:4,zipFolder
FN:7,(anonymous_1)
FN:8,(anonymous_2)
FN:23,zipFile
FN:39,checkFolder
FN:42,(anonymous_5)
FN:53,copyFolder
FN:56,(anonymous_7)
FN:68,copyFile
FNF:9
FNH:0
FNDA:0,zipFolder
FNDA:0,(anonymous_1)
FNDA:0,(anonymous_2)
FNDA:0,zipFile
FNDA:0,checkFolder
FNDA:0,(anonymous_5)
FNDA:0,copyFolder
FNDA:0,(anonymous_7)
FNDA:0,copyFile
DA:4,1
DA:5,0
DA:6,0
DA:7,0
DA:8,0
DA:9,0
DA:11,0
DA:12,0
DA:13,0
DA:14,0
DA:15,0
DA:23,1
DA:30,0
DA:31,0
DA:32,0
DA:33,0
DA:39,1
DA:40,0
DA:41,0
DA:42,0
DA:43,0
DA:44,0
DA:45,0
DA:53,1
DA:54,0
DA:55,0
DA:56,0
DA:57,0
DA:58,0
DA:60,0
DA:68,1
DA:69,0
LF:32
LH:5
BRDA:5,0,0,0
BRDA:5,0,1,0
BRDA:6,1,0,0
BRDA:6,1,1,0
BRDA:8,2,0,0
BRDA:8,2,1,0
BRDA:11,3,0,0
BRDA:11,3,1,0
BRDA:12,4,0,0
BRDA:12,4,1,0
BRDA:14,5,0,0
BRDA:14,5,1,0
BRDA:15,6,0,0
BRDA:15,6,1,0
BRDA:30,7,0,0
BRDA:30,7,1,0
BRDA:31,8,0,0
BRDA:31,8,1,0
BRDA:32,9,0,0
BRDA:32,9,1,0
BRDA:43,10,0,0
BRDA:43,10,1,0
BRDA:44,11,0,0
BRDA:44,11,1,0
BRDA:44,12,0,0
BRDA:44,12,1,0
BRDA:57,13,0,0
BRDA:57,13,1,0
BRF:28
BRH:0
end_of_record
TN:
SF:/Users/stephenjames/git/tdc/that-build-library/src/utils/processPackage.ts
FN:6,processPackage
FN:10,(anonymous_8)
FNF:2
FNH:0
FNDA:0,processPackage
FNDA:0,(anonymous_8)
DA:1,1
DA:6,1
DA:10,0
DA:11,0
DA:12,0
DA:13,0
DA:14,0
DA:15,0
DA:16,0
DA:17,0
DA:19,0
DA:20,0
DA:22,0
DA:24,0
DA:25,0
LF:15
LH:2
BRDA:8,0,0,0
BRDA:13,1,0,0
BRDA:13,1,1,0
BRDA:19,2,0,0
BRDA:19,2,1,0
BRF:5
BRH:0
end_of_record
TN:
SF:/Users/stephenjames/git/tdc/that-build-library/src/utils/removeModuleAlias.ts
FN:6,removeModuleAlias
FN:11,(anonymous_8)
FNF:2
FNH:0
FNDA:0,removeModuleAlias
FNDA:0,(anonymous_8)
DA:1,1
DA:6,1
DA:11,0
DA:12,0
DA:13,0
DA:15,0
DA:38,0
LF:7
LH:2
BRDA:9,0,0,0
BRDA:12,1,0,0
BRDA:12,1,1,0
BRF:3
BRH:0
end_of_record
TN:
SF:/Users/stephenjames/git/tdc/that-build-library/src/utils/tsc.ts
FN:6,tsc
FNF:1
FNH:0
FNDA:0,tsc
DA:1,1
DA:6,1
DA:7,0
LF:3
LH:2
BRDA:6,0,0,0
BRF:1
BRH:0
end_of_record
TN:
SF:/Users/stephenjames/git/tdc/that-build-library/src/utils/zip.ts
FN:8,zip
FN:9,(anonymous_8)
FN:18,(anonymous_9)
FNF:3
FNH:0
FNDA:0,zip
FNDA:0,(anonymous_8)
FNDA:0,(anonymous_9)
DA:1,1
DA:2,1
DA:3,1
DA:8,1
DA:9,0
DA:10,0
DA:11,0
DA:13,0
DA:14,0
DA:19,0
DA:20,0
DA:22,0
LF:12
LH:4
BRDA:10,0,0,0
BRDA:10,0,1,0
BRDA:19,1,0,0
BRDA:19,1,1,0
BRF:4
BRH:0
end_of_record
